This file contains any messages produced by compilers while
running configure, to aid debugging if configure makes a mistake.

It was created by configure, which was
generated by GNU Autoconf 2.68.  Invocation command line was

  $ ./configure CC=/usr/bin/clang

## --------- ##
## Platform. ##
## --------- ##

hostname = agadez
uname -m = i686
uname -r = 3.2.0-26-generic-pae
uname -s = Linux
uname -v = #41-Ubuntu SMP Thu Jun 14 16:45:14 UTC 2012

/usr/bin/uname -p = unknown
/bin/uname -X     = unknown

/bin/arch              = unknown
/usr/bin/arch -k       = unknown
/usr/convex/getsysinfo = unknown
/usr/bin/hostinfo      = unknown
/bin/machine           = unknown
/usr/bin/oslevel       = unknown
/bin/universe          = unknown

PATH: /home/ramuh/bin
PATH: /usr/lib/lightdm/lightdm
PATH: /usr/local/sbin
PATH: /usr/local/bin
PATH: /usr/sbin
PATH: /usr/bin
PATH: /sbin
PATH: /bin
PATH: /usr/games
PATH: /home/ramuh/opt/clojure-contrib/launchers/bash
PATH: /home/ramuh/opt/leiningen


## ----------- ##
## Core tests. ##
## ----------- ##

configure:2049: checking build system type
configure:2063: result: i686-pc-linux-gnu
configure:2083: checking host system type
configure:2096: result: i686-pc-linux-gnu
configure:2116: checking target system type
configure:2129: result: i686-pc-linux-gnu
configure:2171: checking for a BSD-compatible install
configure:2239: result: /usr/bin/install -c
configure:2250: checking whether build environment is sane
configure:2300: result: yes
configure:2441: checking for a thread-safe mkdir -p
configure:2480: result: /bin/mkdir -p
configure:2493: checking for gawk
configure:2509: found /usr/bin/gawk
configure:2520: result: gawk
configure:2531: checking whether make sets $(MAKE)
configure:2553: result: yes
configure:2651: checking for style of include used by make
configure:2679: result: GNU
configure:2750: checking for gcc
configure:2777: result: /usr/bin/clang
configure:3006: checking for C compiler version
configure:3015: /usr/bin/clang --version >&5
Ubuntu clang version 3.0-6ubuntu3 (tags/RELEASE_30/final) (based on LLVM 3.0)
Target: i386-pc-linux-gnu
Thread model: posix
configure:3026: $? = 0
configure:3015: /usr/bin/clang -v >&5
Ubuntu clang version 3.0-6ubuntu3 (tags/RELEASE_30/final) (based on LLVM 3.0)
Target: i386-pc-linux-gnu
Thread model: posix
configure:3026: $? = 0
configure:3015: /usr/bin/clang -V >&5
clang: error: argument to '-V' is missing (expected 1 value)
clang: error: no input files
configure:3026: $? = 1
configure:3015: /usr/bin/clang -qversion >&5
clang: error: no input files
configure:3026: $? = 1
configure:3046: checking whether the C compiler works
configure:3068: /usr/bin/clang    conftest.c  >&5
configure:3072: $? = 0
configure:3120: result: yes
configure:3123: checking for C compiler default output file name
configure:3125: result: a.out
configure:3131: checking for suffix of executables
configure:3138: /usr/bin/clang -o conftest    conftest.c  >&5
configure:3142: $? = 0
configure:3164: result: 
configure:3186: checking whether we are cross compiling
configure:3194: /usr/bin/clang -o conftest    conftest.c  >&5
configure:3198: $? = 0
configure:3205: ./conftest
configure:3209: $? = 0
configure:3224: result: no
configure:3229: checking for suffix of object files
configure:3251: /usr/bin/clang -c   conftest.c >&5
configure:3255: $? = 0
configure:3276: result: o
configure:3280: checking whether we are using the GNU C compiler
configure:3299: /usr/bin/clang -c   conftest.c >&5
configure:3299: $? = 0
configure:3308: result: yes
configure:3317: checking whether /usr/bin/clang accepts -g
configure:3337: /usr/bin/clang -c -g  conftest.c >&5
configure:3337: $? = 0
configure:3378: result: yes
configure:3395: checking for /usr/bin/clang option to accept ISO C89
configure:3459: /usr/bin/clang  -c -g -O2  conftest.c >&5
configure:3459: $? = 0
configure:3472: result: none needed
configure:3494: checking dependency style of /usr/bin/clang
configure:3605: result: gcc3
configure:3621: checking for library containing strerror
configure:3652: /usr/bin/clang -o conftest -g -O2   conftest.c  >&5
conftest.c:18:6: warning: incompatible redeclaration of library function 'strerror'
char strerror ();
     ^
conftest.c:18:6: note: 'strerror' is a builtin with type 'char *(int)'
1 warning generated.
configure:3652: $? = 0
configure:3669: result: none required
configure:3725: checking for gcc
configure:3752: result: /usr/bin/clang
configure:3981: checking for C compiler version
configure:3990: /usr/bin/clang --version >&5
Ubuntu clang version 3.0-6ubuntu3 (tags/RELEASE_30/final) (based on LLVM 3.0)
Target: i386-pc-linux-gnu
Thread model: posix
configure:4001: $? = 0
configure:3990: /usr/bin/clang -v >&5
Ubuntu clang version 3.0-6ubuntu3 (tags/RELEASE_30/final) (based on LLVM 3.0)
Target: i386-pc-linux-gnu
Thread model: posix
configure:4001: $? = 0
configure:3990: /usr/bin/clang -V >&5
clang: error: argument to '-V' is missing (expected 1 value)
clang: error: no input files
configure:4001: $? = 1
configure:3990: /usr/bin/clang -qversion >&5
clang: error: no input files
configure:4001: $? = 1
configure:4005: checking whether we are using the GNU C compiler
configure:4033: result: yes
configure:4042: checking whether /usr/bin/clang accepts -g
configure:4103: result: yes
configure:4120: checking for /usr/bin/clang option to accept ISO C89
configure:4197: result: none needed
configure:4219: checking dependency style of /usr/bin/clang
configure:4330: result: gcc3
configure:4393: checking for gcc
configure:4420: result: /usr/bin/clang
configure:4649: checking for C compiler version
configure:4658: /usr/bin/clang --version >&5
Ubuntu clang version 3.0-6ubuntu3 (tags/RELEASE_30/final) (based on LLVM 3.0)
Target: i386-pc-linux-gnu
Thread model: posix
configure:4669: $? = 0
configure:4658: /usr/bin/clang -v >&5
Ubuntu clang version 3.0-6ubuntu3 (tags/RELEASE_30/final) (based on LLVM 3.0)
Target: i386-pc-linux-gnu
Thread model: posix
configure:4669: $? = 0
configure:4658: /usr/bin/clang -V >&5
clang: error: argument to '-V' is missing (expected 1 value)
clang: error: no input files
configure:4669: $? = 1
configure:4658: /usr/bin/clang -qversion >&5
clang: error: no input files
configure:4669: $? = 1
configure:4673: checking whether we are using the GNU C compiler
configure:4701: result: yes
configure:4710: checking whether /usr/bin/clang accepts -g
configure:4771: result: yes
configure:4788: checking for /usr/bin/clang option to accept ISO C89
configure:4865: result: none needed
configure:4887: checking dependency style of /usr/bin/clang
configure:4998: result: gcc3
configure:5021: checking how to run the C preprocessor
configure:5052: /usr/bin/clang -E  conftest.c
configure:5052: $? = 0
configure:5066: /usr/bin/clang -E  conftest.c
conftest.c:11:10: fatal error: 'ac_nonexistent.h' file not found
#include <ac_nonexistent.h>
         ^
1 error generated.
configure:5066: $? = 1
configure: failed program was:
| /* confdefs.h */
| #define PACKAGE_NAME ""
| #define PACKAGE_TARNAME ""
| #define PACKAGE_VERSION ""
| #define PACKAGE_STRING ""
| #define PACKAGE_BUGREPORT ""
| #define PACKAGE_URL ""
| #define PACKAGE "bomberclone"
| #define VERSION "0.11.9"
| /* end confdefs.h.  */
| #include <ac_nonexistent.h>
configure:5091: result: /usr/bin/clang -E
configure:5111: /usr/bin/clang -E  conftest.c
configure:5111: $? = 0
configure:5125: /usr/bin/clang -E  conftest.c
conftest.c:11:10: fatal error: 'ac_nonexistent.h' file not found
#include <ac_nonexistent.h>
         ^
1 error generated.
configure:5125: $? = 1
configure: failed program was:
| /* confdefs.h */
| #define PACKAGE_NAME ""
| #define PACKAGE_TARNAME ""
| #define PACKAGE_VERSION ""
| #define PACKAGE_STRING ""
| #define PACKAGE_BUGREPORT ""
| #define PACKAGE_URL ""
| #define PACKAGE "bomberclone"
| #define VERSION "0.11.9"
| /* end confdefs.h.  */
| #include <ac_nonexistent.h>
configure:5154: checking for grep that handles long lines and -e
configure:5212: result: /bin/grep
configure:5217: checking for egrep
configure:5279: result: /bin/grep -E
configure:5284: checking for ANSI C header files
configure:5304: /usr/bin/clang -c -g -O2  conftest.c >&5
configure:5304: $? = 0
configure:5377: /usr/bin/clang -o conftest -g -O2   conftest.c  >&5
configure:5377: $? = 0
configure:5377: ./conftest
configure:5377: $? = 0
configure:5388: result: yes
configure:5397: checking for inline
configure:5413: /usr/bin/clang -c -g -O2  conftest.c >&5
configure:5413: $? = 0
configure:5421: result: inline
configure:5442: checking for vprintf
configure:5442: /usr/bin/clang -o conftest -g -O2   conftest.c  >&5
conftest.c:35:6: warning: incompatible redeclaration of library function 'vprintf'
char vprintf ();
     ^
conftest.c:35:6: note: 'vprintf' is a builtin with type 'int (const char *, __builtin_va_list)'
1 warning generated.
configure:5442: $? = 0
configure:5442: result: yes
configure:5448: checking for _doprnt
configure:5448: /usr/bin/clang -o conftest -g -O2   conftest.c  >&5
/tmp/conftest-dSpZ3C.o: In function `main':
/home/ramuh/src/engine9/0.11.9/conftest.c:47: undefined reference to `_doprnt'
clang: error: linker command failed with exit code 1 (use -v to see invocation)
configure:5448: $? = 1
configure: failed program was:
| /* confdefs.h */
| #define PACKAGE_NAME ""
| #define PACKAGE_TARNAME ""
| #define PACKAGE_VERSION ""
| #define PACKAGE_STRING ""
| #define PACKAGE_BUGREPORT ""
| #define PACKAGE_URL ""
| #define PACKAGE "bomberclone"
| #define VERSION "0.11.9"
| #define STDC_HEADERS 1
| #define HAVE_VPRINTF 1
| /* end confdefs.h.  */
| /* Define _doprnt to an innocuous variant, in case <limits.h> declares _doprnt.
|    For example, HP-UX 11i <limits.h> declares gettimeofday.  */
| #define _doprnt innocuous__doprnt
| 
| /* System header to define __stub macros and hopefully few prototypes,
|     which can conflict with char _doprnt (); below.
|     Prefer <limits.h> to <assert.h> if __STDC__ is defined, since
|     <limits.h> exists even on freestanding compilers.  */
| 
| #ifdef __STDC__
| # include <limits.h>
| #else
| # include <assert.h>
| #endif
| 
| #undef _doprnt
| 
| /* Override any GCC internal prototype to avoid an error.
|    Use char because int might match the return type of a GCC
|    builtin and then its argument prototype would still apply.  */
| #ifdef __cplusplus
| extern "C"
| #endif
| char _doprnt ();
| /* The GNU C library defines this for functions which it implements
|     to always fail with ENOSYS.  Some functions are actually named
|     something starting with __ and the normal name is an alias.  */
| #if defined __stub__doprnt || defined __stub____doprnt
| choke me
| #endif
| 
| int
| main ()
| {
| return _doprnt ();
|   ;
|   return 0;
| }
configure:5448: result: no
configure:5461: checking for vsnprintf
configure:5461: /usr/bin/clang -o conftest -g -O2   conftest.c  >&5
conftest.c:36:6: warning: incompatible redeclaration of library function 'vsnprintf'
char vsnprintf ();
     ^
conftest.c:36:6: note: 'vsnprintf' is a builtin with type 'int (char *, unsigned int, const char *, __builtin_va_list)'
1 warning generated.
configure:5461: $? = 0
configure:5461: result: yes
configure:5516: checking for sdl-config
configure:5534: found /usr/bin/sdl-config
configure:5547: result: /usr/bin/sdl-config
configure:5557: checking for SDL - version >= 1.1.0
configure:5644: /usr/bin/clang -o conftest -g -O2 -I/usr/include/SDL -D_GNU_SOURCE=1 -D_REENTRANT   conftest.c  -L/usr/lib/i386-linux-gnu -lSDL >&5
configure:5644: $? = 0
configure:5644: ./conftest
configure:5644: $? = 0
configure:5659: result: yes
configure:6436: checking for X
configure:6544: /usr/bin/clang -E  conftest.c
configure:6544: $? = 0
configure:6575: /usr/bin/clang -o conftest -I/usr/include/SDL -D_GNU_SOURCE=1 -D_REENTRANT -g -O2   conftest.c -lX11 -L/usr/lib/i386-linux-gnu -lSDL -lpng -ljpeg  >&5
configure:6575: $? = 0
configure:6625: result: libraries , headers 
configure:6724: /usr/bin/clang -o conftest -I/usr/include/SDL -D_GNU_SOURCE=1 -D_REENTRANT -g -O2   conftest.c -L/usr/lib/i386-linux-gnu -lSDL -lpng -ljpeg   -lX11 >&5
configure:6724: $? = 0
configure:6822: checking for gethostbyname
configure:6822: /usr/bin/clang -o conftest -I/usr/include/SDL -D_GNU_SOURCE=1 -D_REENTRANT -g -O2   conftest.c -L/usr/lib/i386-linux-gnu -lSDL -lpng -ljpeg  >&5
configure:6822: $? = 0
configure:6822: result: yes
configure:6919: checking for connect
configure:6919: /usr/bin/clang -o conftest -I/usr/include/SDL -D_GNU_SOURCE=1 -D_REENTRANT -g -O2   conftest.c -L/usr/lib/i386-linux-gnu -lSDL -lpng -ljpeg  >&5
configure:6919: $? = 0
configure:6919: result: yes
configure:6968: checking for remove
configure:6968: /usr/bin/clang -o conftest -I/usr/include/SDL -D_GNU_SOURCE=1 -D_REENTRANT -g -O2   conftest.c -L/usr/lib/i386-linux-gnu -lSDL -lpng -ljpeg  >&5
configure:6968: $? = 0
configure:6968: result: yes
configure:7017: checking for shmat
configure:7017: /usr/bin/clang -o conftest -I/usr/include/SDL -D_GNU_SOURCE=1 -D_REENTRANT -g -O2   conftest.c -L/usr/lib/i386-linux-gnu -lSDL -lpng -ljpeg  >&5
configure:7017: $? = 0
configure:7017: result: yes
configure:7075: checking for IceConnectionNumber in -lICE
configure:7100: /usr/bin/clang -o conftest -I/usr/include/SDL -D_GNU_SOURCE=1 -D_REENTRANT -g -O2   conftest.c -lICE  -L/usr/lib/i386-linux-gnu -lSDL -lpng -ljpeg  >&5
configure:7100: $? = 0
configure:7109: result: yes
configure:7136: WARNING: Enable Debuging
configure:7154: checking for IMG_LoadPNG_RW in -lSDL_image
configure:7179: /usr/bin/clang -o conftest -I/usr/include/SDL -D_GNU_SOURCE=1 -D_REENTRANT -g -O2  -ggdb -O0 -Wall -Werror   -ggdb conftest.c -lSDL_image  -L/usr/lib/i386-linux-gnu -lSDL -lpng -ljpeg  >&5
configure:7179: $? = 0
configure:7188: result: yes
configure:7231: checking for Mix_OpenAudio in -lSDL_mixer
configure:7256: /usr/bin/clang -o conftest -I/usr/include/SDL -D_GNU_SOURCE=1 -D_REENTRANT -g -O2  -ggdb -O0 -Wall -Werror   -ggdb conftest.c -lSDL_mixer  -lSDL_image -L/usr/lib/i386-linux-gnu -lSDL -lpng -ljpeg  >&5
configure:7256: $? = 0
configure:7265: result: yes
configure:7287: checking for rintf
configure:7305: /usr/bin/clang -c -I/usr/include/SDL -D_GNU_SOURCE=1 -D_REENTRANT -g -O2  -ggdb -O0 -Wall -Werror  conftest.c >&5
conftest.c:23:28: error: variable 'f' is uninitialized when used here [-Werror,-Wuninitialized]
int i; float f; i = rintf (f);
                           ^
conftest.c:23:15: note: initialize the variable 'f' to silence this warning
int i; float f; i = rintf (f);
              ^
               = 0.0
1 error generated.
configure:7305: $? = 1
configure: failed program was:
| /* confdefs.h */
| #define PACKAGE_NAME ""
| #define PACKAGE_TARNAME ""
| #define PACKAGE_VERSION ""
| #define PACKAGE_STRING ""
| #define PACKAGE_BUGREPORT ""
| #define PACKAGE_URL ""
| #define PACKAGE "bomberclone"
| #define VERSION "0.11.9"
| #define STDC_HEADERS 1
| #define HAVE_VPRINTF 1
| #define HAVE_VSNPRINTF 1
| #define HAVE_LIBSDL_IMAGE 1
| #define HAVE_SDL_MIXER 1
| /* end confdefs.h.  */
| 
| #include <math.h>
| 
| int
| main ()
| {
| 
| int i; float f; i = rintf (f);
| 
|   ;
|   return 0;
| }
configure:7311: result: no
configure:7314: checking for rintf in -lm
configure:7339: /usr/bin/clang -o conftest -I/usr/include/SDL -D_GNU_SOURCE=1 -D_REENTRANT -g -O2  -ggdb -O0 -Wall -Werror   -ggdb conftest.c -lm  -lSDL_image -L/usr/lib/i386-linux-gnu -lSDL -lpng -ljpeg  -lSDL_mixer >&5
configure:7339: $? = 0
configure:7348: result: yes
configure:7365: checking for rint
configure:7383: /usr/bin/clang -c -I/usr/include/SDL -D_GNU_SOURCE=1 -D_REENTRANT -g -O2  -ggdb -O0 -Wall -Werror  conftest.c >&5
conftest.c:24:28: error: variable 'f' is uninitialized when used here [-Werror,-Wuninitialized]
int i; double f; i = rint (f);
                           ^
conftest.c:24:16: note: initialize the variable 'f' to silence this warning
int i; double f; i = rint (f);
               ^
                = 0.0
1 error generated.
configure:7383: $? = 1
configure: failed program was:
| /* confdefs.h */
| #define PACKAGE_NAME ""
| #define PACKAGE_TARNAME ""
| #define PACKAGE_VERSION ""
| #define PACKAGE_STRING ""
| #define PACKAGE_BUGREPORT ""
| #define PACKAGE_URL ""
| #define PACKAGE "bomberclone"
| #define VERSION "0.11.9"
| #define STDC_HEADERS 1
| #define HAVE_VPRINTF 1
| #define HAVE_VSNPRINTF 1
| #define HAVE_LIBSDL_IMAGE 1
| #define HAVE_SDL_MIXER 1
| #define HAVE_RINTF 1
| /* end confdefs.h.  */
| 
| #include <math.h>
| 
| int
| main ()
| {
| 
| int i; double f; i = rint (f);
| 
|   ;
|   return 0;
| }
configure:7389: result: no
configure:7392: checking for rint in -lm
configure:7417: /usr/bin/clang -o conftest -I/usr/include/SDL -D_GNU_SOURCE=1 -D_REENTRANT -g -O2  -ggdb -O0 -Wall -Werror   -ggdb conftest.c -lm  -lSDL_image -L/usr/lib/i386-linux-gnu -lSDL -lpng -ljpeg  -lSDL_mixer >&5
configure:7417: $? = 0
configure:7426: result: yes
configure:7444: checking for powf
configure:7462: /usr/bin/clang -c -I/usr/include/SDL -D_GNU_SOURCE=1 -D_REENTRANT -g -O2  -ggdb -O0 -Wall -Werror  conftest.c >&5
configure:7462: $? = 0
configure:7468: result: yes
configure:7521: checking for sqrtf
configure:7539: /usr/bin/clang -c -I/usr/include/SDL -D_GNU_SOURCE=1 -D_REENTRANT -g -O2  -ggdb -O0 -Wall -Werror  conftest.c >&5
configure:7539: $? = 0
configure:7545: result: yes
configure:7599: checking for floorf
configure:7617: /usr/bin/clang -c -I/usr/include/SDL -D_GNU_SOURCE=1 -D_REENTRANT -g -O2  -ggdb -O0 -Wall -Werror  conftest.c >&5
conftest.c:27:29: error: variable 'f' is uninitialized when used here [-Werror,-Wuninitialized]
int i; float f; i = floorf (f);
                            ^
conftest.c:27:15: note: initialize the variable 'f' to silence this warning
int i; float f; i = floorf (f);
              ^
               = 0.0
1 error generated.
configure:7617: $? = 1
configure: failed program was:
| /* confdefs.h */
| #define PACKAGE_NAME ""
| #define PACKAGE_TARNAME ""
| #define PACKAGE_VERSION ""
| #define PACKAGE_STRING ""
| #define PACKAGE_BUGREPORT ""
| #define PACKAGE_URL ""
| #define PACKAGE "bomberclone"
| #define VERSION "0.11.9"
| #define STDC_HEADERS 1
| #define HAVE_VPRINTF 1
| #define HAVE_VSNPRINTF 1
| #define HAVE_LIBSDL_IMAGE 1
| #define HAVE_SDL_MIXER 1
| #define HAVE_RINTF 1
| #define HAVE_RINT 1
| #define HAVE_POWF 1
| #define HAVE_SQRTF 1
| /* end confdefs.h.  */
| 
| #include <math.h>
| 
| int
| main ()
| {
| 
| int i; float f; i = floorf (f);
| 
|   ;
|   return 0;
| }
configure:7623: result: no
configure:7626: checking for floorf in -lm
configure:7651: /usr/bin/clang -o conftest -I/usr/include/SDL -D_GNU_SOURCE=1 -D_REENTRANT -g -O2  -ggdb -O0 -Wall -Werror   -ggdb conftest.c -lm  -lSDL_image -L/usr/lib/i386-linux-gnu -lSDL -lpng -ljpeg  -lSDL_mixer >&5
configure:7651: $? = 0
configure:7660: result: yes
configure:7897: creating ./config.status

## ---------------------- ##
## Running config.status. ##
## ---------------------- ##

This file was extended by config.status, which was
generated by GNU Autoconf 2.68.  Invocation command line was

  CONFIG_FILES    = 
  CONFIG_HEADERS  = 
  CONFIG_LINKS    = 
  CONFIG_COMMANDS = 
  $ ./config.status 

on agadez

config.status:921: creating Makefile
config.status:921: creating src/Makefile
config.status:921: creating include/Makefile
config.status:921: creating data/Makefile
config.status:921: creating data/pixmaps/Makefile
config.status:921: creating data/player/Makefile
config.status:921: creating data/gfx/Makefile
config.status:921: creating data/maps/Makefile
config.status:921: creating data/music/Makefile
config.status:921: creating data/tileset/Makefile
config.status:921: creating data/tileset/cemetery/Makefile
config.status:921: creating data/tileset/cucumber/Makefile
config.status:921: creating data/tileset/default/Makefile
config.status:921: creating data/tileset/hell/Makefile
config.status:921: creating data/tileset/radioactive/Makefile
config.status:921: creating data/tileset/supermario/Makefile
config.status:921: creating data/tileset/uccia_garbage/Makefile
config.status:921: creating data/tileset/classic/Makefile
config.status:921: creating data/tileset/farm/Makefile
config.status:921: creating data/tileset/jungle/Makefile
config.status:921: creating data/tileset/modern/Makefile
config.status:921: creating data/tileset/sheep/Makefile
config.status:921: creating data/tileset/tricked/Makefile
config.status:921: creating data/tileset/zbb_frog/Makefile
config.status:921: creating config.h
config.status:1102: config.h is unchanged
config.status:1150: executing depfiles commands

## ---------------- ##
## Cache variables. ##
## ---------------- ##

ac_cv_build=i686-pc-linux-gnu
ac_cv_c_compiler_gnu=yes
ac_cv_c_inline=inline
ac_cv_env_CC_set=set
ac_cv_env_CC_value=/usr/bin/clang
ac_cv_env_CFLAGS_set=
ac_cv_env_CFLAGS_value=
ac_cv_env_CPPFLAGS_set=
ac_cv_env_CPPFLAGS_value=
ac_cv_env_CPP_set=
ac_cv_env_CPP_value=
ac_cv_env_LDFLAGS_set=
ac_cv_env_LDFLAGS_value=
ac_cv_env_LIBS_set=
ac_cv_env_LIBS_value=
ac_cv_env_XMKMF_set=
ac_cv_env_XMKMF_value=
ac_cv_env_build_alias_set=
ac_cv_env_build_alias_value=
ac_cv_env_host_alias_set=
ac_cv_env_host_alias_value=
ac_cv_env_target_alias_set=
ac_cv_env_target_alias_value=
ac_cv_func__doprnt=no
ac_cv_func_connect=yes
ac_cv_func_gethostbyname=yes
ac_cv_func_remove=yes
ac_cv_func_shmat=yes
ac_cv_func_vprintf=yes
ac_cv_func_vsnprintf=yes
ac_cv_have_x='have_x=yes	ac_x_includes='\'''\''	ac_x_libraries='\'''\'''
ac_cv_header_stdc=yes
ac_cv_host=i686-pc-linux-gnu
ac_cv_lib_ICE_IceConnectionNumber=yes
ac_cv_lib_SDL_image_IMG_LoadPNG_RW=yes
ac_cv_lib_SDL_mixer_Mix_OpenAudio=yes
ac_cv_lib_m_floorf=yes
ac_cv_lib_m_rint=yes
ac_cv_lib_m_rintf=yes
ac_cv_objext=o
ac_cv_path_EGREP='/bin/grep -E'
ac_cv_path_GREP=/bin/grep
ac_cv_path_SDL_CONFIG=/usr/bin/sdl-config
ac_cv_path_install='/usr/bin/install -c'
ac_cv_path_mkdir=/bin/mkdir
ac_cv_prog_AWK=gawk
ac_cv_prog_CPP='/usr/bin/clang -E'
ac_cv_prog_ac_ct_CC=/usr/bin/clang
ac_cv_prog_cc_c89=
ac_cv_prog_cc_g=yes
ac_cv_prog_make_make_set=yes
ac_cv_search_strerror='none required'
ac_cv_target=i686-pc-linux-gnu
am_cv_CC_dependencies_compiler_type=gcc3
am_cv_prog_cc_stdc=

## ----------------- ##
## Output variables. ##
## ----------------- ##

ACLOCAL='${SHELL} /home/ramuh/src/engine9/0.11.9/missing --run aclocal-1.11'
AMDEPBACKSLASH='\'
AMDEP_FALSE='#'
AMDEP_TRUE=''
AMTAR='$${TAR-tar}'
AUTOCONF='${SHELL} /home/ramuh/src/engine9/0.11.9/missing --run autoconf'
AUTOHEADER='${SHELL} /home/ramuh/src/engine9/0.11.9/missing --run autoheader'
AUTOMAKE='${SHELL} /home/ramuh/src/engine9/0.11.9/missing --run automake-1.11'
AWK='gawk'
CC='/usr/bin/clang'
CCDEPMODE='depmode=gcc3'
CFLAGS='-I/usr/include/SDL -D_GNU_SOURCE=1 -D_REENTRANT -g -O2  -ggdb -O0 -Wall -Werror'
CPP='/usr/bin/clang -E'
CPPFLAGS=''
CYGPATH_W='echo'
DEFS='-DHAVE_CONFIG_H'
DEPDIR='.deps'
ECHO_C=''
ECHO_N='-n'
ECHO_T=''
EGREP='/bin/grep -E'
EXEEXT=''
GREP='/bin/grep'
INSTALL_DATA='${INSTALL} -m 644'
INSTALL_PROGRAM='${INSTALL}'
INSTALL_SCRIPT='${INSTALL}'
INSTALL_STRIP_PROGRAM='$(install_sh) -c -s'
LDFLAGS=' -ggdb'
LIBOBJS=''
LIBS='-lSDL_image -L/usr/lib/i386-linux-gnu -lSDL -lpng -ljpeg  -lSDL_mixer'
LTLIBOBJS=''
MAKEINFO='${SHELL} /home/ramuh/src/engine9/0.11.9/missing --run makeinfo'
MINGW32_FALSE=''
MINGW32_TRUE='#'
MKDIR_P='/bin/mkdir -p'
NO_PREFIX_PACKAGE_DATA_DIR='share/games/bomberclone'
NO_PREFIX_PACKAGE_DOC_DIR='share/doc/bomberclone'
NO_PREFIX_PACKAGE_HELP_DIR='share/games/bomberclone/help'
NO_PREFIX_PACKAGE_MENU_DIR='share/games/bomberclone'
NO_PREFIX_PACKAGE_PIXMAPS_DIR='share/games/bomberclone/pixmaps'
OBJEXT='o'
PACKAGE='bomberclone'
PACKAGE_BUGREPORT=''
PACKAGE_DATA_DIR='/usr/local/share/games/bomberclone'
PACKAGE_DOC_DIR='/usr/local/share/doc/bomberclone'
PACKAGE_HELP_DIR='/usr/local/share/games/bomberclone/help'
PACKAGE_MENU_DIR='/usr/local/share/games/bomberclone'
PACKAGE_NAME=''
PACKAGE_PIXMAPS_DIR='/usr/local/share/games/bomberclone/pixmaps'
PACKAGE_STRING=''
PACKAGE_TARNAME=''
PACKAGE_URL=''
PACKAGE_VERSION=''
PATH_SEPARATOR=':'
SDL_CFLAGS='-I/usr/include/SDL -D_GNU_SOURCE=1 -D_REENTRANT'
SDL_CONFIG='/usr/bin/sdl-config'
SDL_LIBS='-L/usr/lib/i386-linux-gnu -lSDL -lpng -ljpeg'
SET_MAKE=''
SHELL='/bin/bash'
STRIP=''
VERSION='0.11.9'
XMKMF=''
X_CFLAGS=''
X_EXTRA_LIBS=''
X_LIBS=''
X_PRE_LIBS=' -lSM -lICE'
ac_ct_CC='/usr/bin/clang'
am__EXEEXT_FALSE=''
am__EXEEXT_TRUE='#'
am__fastdepCC_FALSE='#'
am__fastdepCC_TRUE=''
am__include='include'
am__isrc=''
am__leading_dot='.'
am__nodep='_no'
am__quote=''
am__tar='$${TAR-tar} chof - "$$tardir"'
am__untar='$${TAR-tar} xf -'
bindir='${exec_prefix}/bin'
build='i686-pc-linux-gnu'
build_alias=''
build_cpu='i686'
build_os='linux-gnu'
build_vendor='pc'
datadir='${datarootdir}'
datarootdir='${prefix}/share'
docdir='${datarootdir}/doc/${PACKAGE}'
dvidir='${docdir}'
exec_prefix='${prefix}'
host='i686-pc-linux-gnu'
host_alias=''
host_cpu='i686'
host_os='linux-gnu'
host_vendor='pc'
htmldir='${docdir}'
includedir='${prefix}/include'
infodir='${datarootdir}/info'
install_sh='${SHELL} /home/ramuh/src/engine9/0.11.9/install-sh'
libdir='${exec_prefix}/lib'
libexecdir='${exec_prefix}/libexec'
localedir='${datarootdir}/locale'
localstatedir='${prefix}/var'
mandir='${datarootdir}/man'
mkdir_p='/bin/mkdir -p'
oldincludedir='/usr/include'
pdfdir='${docdir}'
prefix='/usr/local'
program_transform_name='s,x,x,'
psdir='${docdir}'
sbindir='${exec_prefix}/sbin'
sharedstatedir='${prefix}/com'
sysconfdir='${prefix}/etc'
target='i686-pc-linux-gnu'
target_alias=''
target_cpu='i686'
target_os='linux-gnu'
target_vendor='pc'

## ----------- ##
## confdefs.h. ##
## ----------- ##

/* confdefs.h */
#define PACKAGE_NAME ""
#define PACKAGE_TARNAME ""
#define PACKAGE_VERSION ""
#define PACKAGE_STRING ""
#define PACKAGE_BUGREPORT ""
#define PACKAGE_URL ""
#define PACKAGE "bomberclone"
#define VERSION "0.11.9"
#define STDC_HEADERS 1
#define HAVE_VPRINTF 1
#define HAVE_VSNPRINTF 1
#define HAVE_LIBSDL_IMAGE 1
#define HAVE_SDL_MIXER 1
#define HAVE_RINTF 1
#define HAVE_RINT 1
#define HAVE_POWF 1
#define HAVE_SQRTF 1
#define HAVE_FLOORF 1
#define PACKAGE_DATA_DIR "/usr/local/share/games/bomberclone"
#define PACKAGE_DOC_DIR "/usr/local/share/doc/bomberclone"
#define PACKAGE_PIXMAPS_DIR "/usr/local/share/games/bomberclone/pixmaps"
#define PACKAGE_HELP_DIR "/usr/local/share/games/bomberclone/help"
#define PACKAGE_MENU_DIR "/usr/local/share/games/bomberclone"
#define PACKAGE_SOURCE_DIR "/home/ramuh/src/engine9/0.11.9"

configure: exit 0
